🤖 AI Collaboration Bot Started
Timestamp: Tue Aug  5 12:38:35 UTC 2025
Trigger: push
Repository: CodeDAO-org/codedao-extension
Commit: 568f9d3d37d819faf2269a155f3702d007502159
---
🏥 Running dashboard health check...
✅ dashboard.html exists
✅ Valid HTML structure
✅ AI content found in dashboard
🔧 Running auto-fixes...
Adding .nojekyll file
🤖 AI Collaboration Bot Started
Timestamp: Tue Aug  5 12:38:44 UTC 2025
Trigger: push
Repository: CodeDAO-org/codedao-extension
Commit: 7e46a3c09724d41e3a6728bea1f551f4df04058c
---
🏥 Running dashboard health check...
✅ dashboard.html exists
✅ Valid HTML structure
✅ AI content found in dashboard
🔧 Running auto-fixes...
🤖 AI Collaboration Bot Started
Timestamp: Tue Aug  5 12:38:55 UTC 2025
Trigger: push
Repository: CodeDAO-org/codedao-extension
Commit: 5a5b4c91ec5927253654617e1ce044c7cd09a46e
---
🏥 Running dashboard health check...
✅ dashboard.html exists
✅ Valid HTML structure
✅ AI content found in dashboard
🔧 Running auto-fixes...
🤖 AI Collaboration Bot Started
Timestamp: Tue Aug  5 12:39:16 UTC 2025
Trigger: push
Repository: CodeDAO-org/codedao-extension
Commit: 67ec9a8d08221070843debffe97fcb3ff473ef10
---
🏥 Running dashboard health check...
✅ dashboard.html exists
✅ Valid HTML structure
✅ AI content found in dashboard
🔧 Running auto-fixes...
🤖 AI Collaboration Bot Started
Timestamp: Tue Aug  5 12:39:25 UTC 2025
Trigger: push
Repository: CodeDAO-org/codedao-extension
Commit: 21f2e8d28ef9d63efd7112a373489794d8cd20cd
---
🏥 Running dashboard health check...
✅ dashboard.html exists
✅ Valid HTML structure
✅ AI content found in dashboard
🔧 Running auto-fixes...
🤖 AI Collaboration Bot Started
Timestamp: Tue Aug  5 12:39:44 UTC 2025
Trigger: push
Repository: CodeDAO-org/codedao-extension
Commit: e93ffcf08d35df45eba4b8554122fe6bb242579a
---
🏥 Running dashboard health check...
✅ dashboard.html exists
✅ Valid HTML structure
✅ AI content found in dashboard
🔧 Running auto-fixes...
🤖 AI Collaboration Bot Started
Timestamp: Tue Aug  5 12:39:56 UTC 2025
Trigger: push
Repository: CodeDAO-org/codedao-extension
Commit: 445d9ede17bd2c401f34408ebf29ee0e373d2577
---
🏥 Running dashboard health check...
✅ dashboard.html exists
✅ Valid HTML structure
✅ AI content found in dashboard
🔧 Running auto-fixes...
